1497706358174	geckodriver	INFO	Listening on 127.0.0.1:50513
1497706359596	geckodriver::marionette	INFO	Starting browser C:\Program Files (x86)\Mozilla Firefox\firefox.exe with args ["-marionette"]
1497706370579	Marionette	INFO	Listening on port 50519
1497706371868	Marionette	WARN	TLS certificate errors will be ignored for this session
JavaScript error: , line 0: SyntaxError: JSON.parse: unexpected character at line 1 column 1 of the JSON data
1497707224432	geckodriver	INFO	Listening on 127.0.0.1:50622
1497707226516	geckodriver::marionette	INFO	Starting browser C:\Program Files (x86)\Mozilla Firefox\firefox.exe with args ["-marionette"]
1497707231479	Marionette	INFO	Listening on port 50628
1497707235727	Marionette	WARN	TLS certificate errors will be ignored for this session
JavaScript error: , line 0: SyntaxError: JSON.parse: unexpected character at line 1 column 1 of the JSON data
JavaScript warning: https://ajax.googleapis.com/ajax/libs/jquery/1.10.2/jquery.min.js, line 1: Using //@ to indicate sourceMappingURL pragmas is deprecated. Use //# instead
*************************
A coding exception was thrown and uncaught in a Task.

Full message: TypeError: NetworkError when attempting to fetch resource.
Full stack: 
*************************
JavaScript error: , line 0: SyntaxError: JSON.parse: unexpected character at line 1 column 1 of the JSON data
JavaScript error: , line 0: SyntaxError: JSON.parse: unexpected character at line 1 column 1 of the JSON data
JavaScript warning: chrome://firebug/content/debugger/clients/clientCache.js, line 39: JavaScript 1.6's for-each-in loops are deprecated; consider using ES6 for-of instead
JavaScript error: , line 0: SyntaxError: JSON.parse: unexpected character at line 1 column 1 of the JSON data
JavaScript warning: https://mathid.mathtag.com/device/id.js, line 1: unreachable code after return statement
JavaScript warning: https://mathid.mathtag.com/device/id.js, line 1: unreachable code after return statement
JavaScript warning: https://mathid.mathtag.com/device/id.js, line 1: unreachable code after return statement
JavaScript warning: https://mathid.mathtag.com/device/id.js, line 1: unreachable code after return statement
JavaScript warning: http://forumsqa.com/wp-content/themes/qaengine/js/front.js?ver=4.7.5, line 1016: unreachable code after return statement
JavaScript error: http://forumsqa.com/question/how-to-perform-multiple-clicks-on-a-button-4-times-in-selenium-webdriver-without-making-use-of-for-loop-currently-i-have-to-make-use-of-for-loop-to-click-on-a-button-and-make-it-work-because-on-a/, line 2267: SyntaxError: illegal character
JavaScript error: , line 0: uncaught exception: undefined
JavaScript error: , line 0: uncaught exception: undefined
JavaScript error: , line 0: uncaught exception: CustomError: Jsloader error (code #1): Timeout reached for loading script //www.google.com/js/bg/nM3PmbcqWtpOSPxak-EPSJ0IQjnJ-XHKJHN3PGTIwwg.js
JavaScript error: , line 0: SyntaxError: JSON.parse: unexpected character at line 1 column 1 of the JSON data
:51130
1497708985805	geckodriver::marionette	INFO	Starting browser C:\Program Files (x86)\Mozilla Firefox\firefox.exe with args ["-marionette"]
1497708992813	Marionette	INFO	Listening on port 51136
1497708993319	Marionette	WARN	TLS certificate errors will be ignored for this session
JavaScript error: , line 0: SyntaxError: JSON.parse: unexpected character at line 1 column 1 of the JSON data
1497709877008	geckodriver	INFO	Listening on 127.0.0.1:64483
1497709879116	geckodriver::marionette	INFO	Starting browser C:\Program Files (x86)\Mozilla Firefox\firefox.exe with args ["-marionette"]
1497709885542	Marionette	INFO	Listening on port 64489
1497709886458	Marionette	WARN	TLS certificate errors will be ignored for this session
JavaScript error: , line 0: SyntaxError: JSON.parse: unexpected character at line 1 column 1 of the JSON data
1497709962875	geckodriver	INFO	Listening on 127.0.0.1:64538
1497709964971	geckodriver::marionette	INFO	Starting browser C:\Program Files (x86)\Mozilla Firefox\firefox.exe with args ["-marionette"]
1497709971632	Marionette	INFO	Listening on port 64544
1497709972295	Marionette	WARN	TLS certificate errors will be ignored for this session
JavaScript error: , line 0: SyntaxError: JSON.parse: unexpected character at line 1 column 1 of the JSON data
1497710039450	geckodriver	INFO	Listening on 127.0.0.1:64592
1497710041534	geckodriver::marionette	INFO	Starting browser C:\Program Files (x86)\Mozilla Firefox\firefox.exe with args ["-marionette"]
1497710050793	Marionette	INFO	Listening on port 64598
1497710051505	Marionette	WARN	TLS certificate errors will be ignored for this session
JavaScript error: , line 0: SyntaxError: JSON.parse: unexpected character at line 1 column 1 of the JSON data
1497710263887	geckodriver	INFO	Listening on 127.0.0.1:64717
1497710265996	geckodriver::marionette	INFO	Starting browser C:\Program Files (x86)\Mozilla Firefox\firefox.exe with args ["-marionette"]
1497710271751	Marionette	INFO	Listening on port 64723
1497710272467	Marionette	WARN	TLS certificate errors will be ignored for this session
JavaScript error: , line 0: SyntaxError: JSON.parse: unexpected character at line 1 column 1 of the JSON data
1497710600183	geckodriver	INFO	Listening on 127.0.0.1:63396
1497710602262	geckodriver::marionette	INFO	Starting browser C:\Program Files (x86)\Mozilla Firefox\firefox.exe with args ["-marionette"]
1497710607090	Marionette	INFO	Listening on port 63402
1497710607596	Marionette	WARN	TLS certificate errors will be ignored for this session
JavaScript error: , line 0: SyntaxError: JSON.parse: unexpected character at line 1 column 1 of the JSON data
1497711010549	geckodriver	INFO	Listening on 127.0.0.1:63498
1497711012647	geckodriver::marionette	INFO	Starting browser C:\Program Files (x86)\Mozilla Firefox\firefox.exe with args ["-marionette"]
1497711017603	Marionette	INFO	Listening on port 63505
1497711018584	Marionette	WARN	TLS certificate errors will be ignored for this session
1497711104283	Marionette	INFO	Ceased listening
0.0.1:63430
1497711100465	geckodriver::marionette	INFO	Starting browser C:\Program Files (x86)\Mozilla Firefox\firefox.exe with args ["-marionette"]
1497711106506	Marionette	INFO	Listening on port 63436
1497711106962	Marionette	WARN	TLS certificate errors will be ignored for this session
JavaScript error: , line 0: SyntaxError: JSON.parse: unexpected character at line 1 column 1 of the JSON data
*************************
A coding exception was thrown and uncaught in a Task.

Full message: TypeError: NetworkError when attempting to fetch resource.
Full stack: 
*************************
1497712113861	Marionette	INFO	Ceased listening
500
1497711178666	Marionette	WARN	TLS certificate errors will be ignored for this session
JavaScript error: , line 0: SyntaxError: JSON.parse: unexpected character at line 1 column 1 of the JSON data
1497711302748	geckodriver	INFO	Listening on 127.0.0.1:63567
1497711304832	geckodriver::marionette	INFO	Starting browser C:\Program Files (x86)\Mozilla Firefox\firefox.exe with args ["-marionette"]
1497711311431	Marionette	INFO	Listening on port 63573
1497711312226	Marionette	WARN	TLS certificate errors will be ignored for this session
JavaScript error: , line 0: SyntaxError: JSON.parse: unexpected character at line 1 column 1 of the JSON data
JavaScript error: , line 0: SyntaxError: JSON.parse: unexpected character at line 1 column 1 of the JSON data
*************************
A coding exception was thrown and uncaught in a Task.

Full message: TypeError: NetworkError when attempting to fetch resource.
Full stack: 
*************************
1497712111568	Marionette	INFO	Ceased listening
656
1497711388358	Marionette	WARN	TLS certificate errors will be ignored for this session
JavaScript error: , line 0: SyntaxError: JSON.parse: unexpected character at line 1 column 1 of the JSON data
*************************
A coding exception was thrown and uncaught in a Task.

Full message: TypeError: NetworkError when attempting to fetch resource.
Full stack: 
*************************
1497712107616	Marionette	INFO	Ceased listening
719
1497711474376	Marionette	WARN	TLS certificate errors will be ignored for this session
JavaScript error: , line 0: SyntaxError: JSON.parse: unexpected character at line 1 column 1 of the JSON data
JavaScript warning: https://ajax.googleapis.com/ajax/libs/jquery/1.10.2/jquery.min.js, line 1: Using //@ to indicate sourceMappingURL pragmas is deprecated. Use //# instead
1497711490355	geckodriver	INFO	Listening on 127.0.0.1:63784
1497711492471	geckodriver::marionette	INFO	Starting browser C:\Program Files (x86)\Mozilla Firefox\firefox.exe with args ["-marionette"]
1497711499463	Marionette	INFO	Listening on port 63790
1497711499980	Marionette	WARN	TLS certificate errors will be ignored for this session
JavaScript error: , line 0: SyntaxError: JSON.parse: unexpected character at line 1 column 1 of the JSON data
JavaScript warning: https://ajax.googleapis.com/ajax/libs/jquery/1.10.2/jquery.min.js, line 1: Using //@ to indicate sourceMappingURL pragmas is deprecated. Use //# instead
1497712053625	geckodriver	INFO	Listening on 127.0.0.1:52408
1497712055723	geckodriver::marionette	INFO	Starting browser C:\Program Files (x86)\Mozilla Firefox\firefox.exe with args ["-marionette"]
1497712062360	Marionette	INFO	Listening on port 52414
1497712063436	Marionette	WARN	TLS certificate errors will be ignored for this session
JavaScript error: , line 0: SyntaxError: JSON.parse: unexpected character at line 1 column 1 of the JSON data
1497712108652	Marionette	INFO	Ceased listening
1497712121220	geckodriver	INFO	Listening on 127.0.0.1:52470
1497712123312	geckodriver::marionette	INFO	Starting browser C:\Program Files (x86)\Mozilla Firefox\firefox.exe with args ["-marionette"]
1497712130465	Marionette	INFO	Listening on port 52476
1497712131707	Marionette	WARN	TLS certificate errors will be ignored for this session
JavaScript error: , line 0: SyntaxError: JSON.parse: unexpected character at line 1 column 1 of the JSON data
1497712293488	Marionette	INFO	Ceased listening
0.0.1:52537
1497712231735	geckodriver::marionette	INFO	Starting browser C:\Program Files (x86)\Mozilla Firefox\firefox.exe with args ["-marionette"]
1497712237608	Marionette	INFO	Listening on port 52543
1497712238162	Marionette	WARN	TLS certificate errors will be ignored for this session
JavaScript error: , line 0: SyntaxError: JSON.parse: unexpected character at line 1 column 1 of the JSON data
1497712293971	Marionette	INFO	Ceased listening
1497712298177	geckodriver	INFO	Listening on 127.0.0.1:52603
1497712300273	geckodriver::marionette	INFO	Starting browser C:\Program Files (x86)\Mozilla Firefox\firefox.exe with args ["-marionette"]
1497712305967	Marionette	INFO	Listening on port 52609
1497712306580	Marionette	WARN	TLS certificate errors will be ignored for this session
JavaScript error: , line 0: SyntaxError: JSON.parse: unexpected character at line 1 column 1 of the JSON data
1497712326260	geckodriver	INFO	Listening on 127.0.0.1:52661
1497712328352	geckodriver::marionette	INFO	Starting browser C:\Program Files (x86)\Mozilla Firefox\firefox.exe with args ["-marionette"]
1497712333077	Marionette	INFO	Listening on port 52667
1497712333748	Marionette	WARN	TLS certificate errors will be ignored for this session
JavaScript error: , line 0: SyntaxError: JSON.parse: unexpected character at line 1 column 1 of the JSON data
JavaScript warning: http://ajax.googleapis.com/ajax/libs/jquery/1.9.0/jquery.min.js?ver=3.6, line 4: Using //@ to indicate sourceMappingURL pragmas is deprecated. Use //# instead
JavaScript warning: http://c1.popads.net/pop.js, line 2: unreachable code after return statement
JavaScript warning: http://c1.popads.net/pop.js, line 2: unreachable code after return statement
JavaScript warning: http://c1.popads.net/pop.js, line 2: unreachable code after return statement
JavaScript warning: http://c1.popads.net/pop.js, line 2: unreachable code after return statement
JavaScript warning: http://c1.popads.net/pop.js, line 2: unreachable code after return statement
JavaScript warning: http://c1.popads.net/pop.js, line 2: unreachable code after return statement
JavaScript warning: http://c1.popads.net/pop.js, line 2: unreachable code after return statement
*************************
A coding exception was thrown and uncaught in a Task.

Full message: TypeError: NetworkError when attempting to fetch resource.
Full stack: 
*************************
JavaScript error: http://www.nowrunning.com/movie/19728/telugu/naruda-donaruda/, line 530: TypeError: $(...)[0] is undefined
JavaScript error: http://ap.lijit.com/www/delivery/fp?z=471840, line 2: SecurityError: Permission denied to access property "sovrn" on cross-origin object
JavaScript warning: https://cdn.clinch.co/a_js/runtime_4_37.min.js, line 1: unreachable code after return statement
JavaScript warning: https://openload.co/assets/js/script.2534.js, line 1: unreachable code after return statement
JavaScript warning: https://openload.co/assets/js/script.2534.js, line 1: unreachable code after return statement
JavaScript warning: https://openload.co/assets/js/script.2534.js, line 1: unreachable code after return statement
JavaScript warning: https://openload.co/assets/js/script.2534.js, line 1: unreachable code after return statement
JavaScript warning: https://openload.co/assets/js/script.2534.js, line 1: unreachable code after return statement
JavaScript warning: https://openload.co/assets/js/script.2534.js, line 1: unreachable code after return statement
JavaScript warning: https://c1.popads.net/pop.js, line 2: unreachable code after return statement
JavaScript warning: https://c1.popads.net/pop.js, line 2: unreachable code after return statement
JavaScript warning: https://c1.popads.net/pop.js, line 2: unreachable code after return statement
JavaScript warning: https://c1.popads.net/pop.js, line 2: unreachable code after return statement
JavaScript warning: https://c1.popads.net/pop.js, line 2: unreachable code after return statement
JavaScript warning: https://c1.popads.net/pop.js, line 2: unreachable code after return statement
JavaScript warning: http://ajax.googleapis.com/ajax/libs/jquery/1.10.2/jquery.min.js, line 1: Using //@ to indicate sourceMappingURL pragmas is deprecated. Use //# instead
JavaScript error: , line 0: SyntaxError: JSON.parse: unexpected character at line 1 column 1 of the JSON data
 browser C:\Program Files (x86)\Mozilla Firefox\firefox.exe with args ["-marionette"]
1497726869183	Marionette	INFO	Listening on port 50014
1497726871270	Marionette	WARN	TLS certificate errors will be ignored for this session
JavaScript error: , line 0: SyntaxError: JSON.parse: unexpected character at line 1 column 1 of the JSON data
*************************
A coding exception was thrown and uncaught in a Task.

Full message: TypeError: NetworkError when attempting to fetch resource.
Full stack: 
*************************
1497727686043	Marionette	INFO	Ceased listening
097
1497727090754	Marionette	WARN	TLS certificate errors will be ignored for this session
JavaScript error: , line 0: SyntaxError: JSON.parse: unexpected character at line 1 column 1 of the JSON data
1497727220256	geckodriver	INFO	Listening on 127.0.0.1:50162
1497727222230	geckodriver::marionette	INFO	Starting browser C:\Program Files (x86)\Mozilla Firefox\firefox.exe with args ["-marionette"]
1497727234937	Marionette	INFO	Listening on port 50168
1497727235868	Marionette	WARN	TLS certificate errors will be ignored for this session
JavaScript error: , line 0: SyntaxError: JSON.parse: unexpected character at line 1 column 1 of the JSON data
1497727308468	geckodriver	INFO	Listening on 127.0.0.1:50227
1497727310550	geckodriver::marionette	INFO	Starting browser C:\Program Files (x86)\Mozilla Firefox\firefox.exe with args ["-marionette"]
1497727316254	Marionette	INFO	Listening on port 50233
1497727316941	Marionette	WARN	TLS certificate errors will be ignored for this session
JavaScript error: , line 0: SyntaxError: JSON.parse: unexpected character at line 1 column 1 of the JSON data
1497727461024	geckodriver	INFO	Listening on 127.0.0.1:50291
1497727463131	geckodriver::marionette	INFO	Starting browser C:\Program Files (x86)\Mozilla Firefox\firefox.exe with args ["-marionette"]
1497727469512	Marionette	INFO	Listening on port 50297
1497727470543	Marionette	WARN	TLS certificate errors will be ignored for this session
JavaScript error: , line 0: SyntaxError: JSON.parse: unexpected character at line 1 column 1 of the JSON data
1497727544745	geckodriver	INFO	Listening on 127.0.0.1:64902
1497727546776	geckodriver::marionette	INFO	Starting browser C:\Program Files (x86)\Mozilla Firefox\firefox.exe with args ["-marionette"]
1497727554033	Marionette	INFO	Listening on port 64908
1497727554900	Marionette	WARN	TLS certificate errors will be ignored for this session
JavaScript error: , line 0: SyntaxError: JSON.parse: unexpected character at line 1 column 1 of the JSON data
1497727684819	Marionette	INFO	Ceased listening
0.0.1:64976
1497727621661	geckodriver::marionette	INFO	Starting browser C:\Program Files (x86)\Mozilla Firefox\firefox.exe with args ["-marionette"]
1497727629337	Marionette	INFO	Listening on port 64984
1497727630228	Marionette	WARN	TLS certificate errors will be ignored for this session
JavaScript error: , line 0: SyntaxError: JSON.parse: unexpected character at line 1 column 1 of the JSON data
1497727683700	Marionette	INFO	Ceased listening
1497727695000	geckodriver	INFO	Listening on 127.0.0.1:65054
1497727697018	geckodriver::marionette	INFO	Starting browser C:\Program Files (x86)\Mozilla Firefox\firefox.exe with args ["-marionette"]
1497727703799	Marionette	INFO	Listening on port 65060
1497727704347	Marionette	WARN	TLS certificate errors will be ignored for this session
JavaScript error: , line 0: SyntaxError: JSON.parse: unexpected character at line 1 column 1 of the JSON data
1497727811188	geckodriver	INFO	Listening on 127.0.0.1:65141
1497727813256	geckodriver::marionette	INFO	Starting browser C:\Program Files (x86)\Mozilla Firefox\firefox.exe with args ["-marionette"]
1497727818535	Marionette	INFO	Listening on port 65148
1497727819363	Marionette	WARN	TLS certificate errors will be ignored for this session
JavaScript error: , line 0: SyntaxError: JSON.parse: unexpected character at line 1 column 1 of the JSON data
*************************
A coding exception was thrown and uncaught in a Task.

Full message: TypeError: NetworkError when attempting to fetch resource.
Full stack: 
*************************
1497728730877	Marionette	INFO	Ceased listening
228
1497727896599	Marionette	WARN	TLS certificate errors will be ignored for this session
JavaScript error: , line 0: SyntaxError: JSON.parse: unexpected character at line 1 column 1 of the JSON data
*************************
A coding exception was thrown and uncaught in a Task.

Full message: TypeError: NetworkError when attempting to fetch resource.
Full stack: 
*************************
1497728738278	Marionette	INFO	Ceased listening
364
1497728241044	Marionette	WARN	TLS certificate errors will be ignored for this session
JavaScript error: , line 0: SyntaxError: JSON.parse: unexpected character at line 1 column 1 of the JSON data
1497728298044	Marionette	INFO	Ceased listening
1497728316264	geckodriver	INFO	Listening on 127.0.0.1:65445
1497728318346	geckodriver::marionette	INFO	Starting browser C:\Program Files (x86)\Mozilla Firefox\firefox.exe with args ["-marionette"]
1497728326364	Marionette	INFO	Listening on port 65451
1497728327037	Marionette	WARN	TLS certificate errors will be ignored for this session
JavaScript error: , line 0: SyntaxError: JSON.parse: unexpected character at line 1 column 1 of the JSON data
1497728733047	Marionette	INFO	Ceased listening
0.0.1:65528
1497728410186	geckodriver::marionette	INFO	Starting browser C:\Program Files (x86)\Mozilla Firefox\firefox.exe with args ["-marionette"]
1497728416748	Marionette	INFO	Listening on port 65534
1497728417723	Marionette	WARN	TLS certificate errors will be ignored for this session
JavaScript error: , line 0: SyntaxError: JSON.parse: unexpected character at line 1 column 1 of the JSON data
1497728734264	Marionette	INFO	Ceased listening
0.0.1:49234
1497728561706	geckodriver::marionette	INFO	Starting browser C:\Program Files (x86)\Mozilla Firefox\firefox.exe with args ["-marionette"]
1497728569379	Marionette	INFO	Listening on port 49240
1497728570202	Marionette	WARN	TLS certificate errors will be ignored for this session
JavaScript error: , line 0: SyntaxError: JSON.parse: unexpected character at line 1 column 1 of the JSON data
*************************
A coding exception was thrown and uncaught in a Task.

Full message: TypeError: NetworkError when attempting to fetch resource.
Full stack: 
*************************
1497730569766	Marionette	INFO	Ceased listening
370
1497728861899	Marionette	WARN	TLS certificate errors will be ignored for this session
JavaScript error: , line 0: SyntaxError: JSON.parse: unexpected character at line 1 column 1 of the JSON data
1497728981252	Marionette	INFO	Ceased listening
0.0.1:49433
1497728954787	geckodriver::marionette	INFO	Starting browser C:\Program Files (x86)\Mozilla Firefox\firefox.exe with args ["-marionette"]
1497728960906	Marionette	INFO	Listening on port 49439
1497728961502	Marionette	WARN	TLS certificate errors will be ignored for this session
JavaScript error: , line 0: SyntaxError: JSON.parse: unexpected character at line 1 column 1 of the JSON data
1497728982546	Marionette	INFO	Ceased listening
1497728992425	geckodriver	INFO	Listening on 127.0.0.1:49492
1497728994523	geckodriver::marionette	INFO	Starting browser C:\Program Files (x86)\Mozilla Firefox\firefox.exe with args ["-marionette"]
1497729000161	Marionette	INFO	Listening on port 49498
1497729001028	Marionette	WARN	TLS certificate errors will be ignored for this session
JavaScript error: , line 0: SyntaxError: JSON.parse: unexpected character at line 1 column 1 of the JSON data
*************************
A coding exception was thrown and uncaught in a Task.

Full message: TypeError: NetworkError when attempting to fetch resource.
Full stack: 
*************************
1497730570484	Marionette	INFO	Ceased listening
556
1497729043113	Marionette	WARN	TLS certificate errors will be ignored for this session
JavaScript error: , line 0: SyntaxError: JSON.parse: unexpected character at line 1 column 1 of the JSON data
1497729064565	Marionette	INFO	Ceased listening
1497729076192	geckodriver	INFO	Listening on 127.0.0.1:49615
1497729078273	geckodriver::marionette	INFO	Starting browser C:\Program Files (x86)\Mozilla Firefox\firefox.exe with args ["-marionette"]
1497729083711	Marionette	INFO	Listening on port 49621
1497729084165	Marionette	WARN	TLS certificate errors will be ignored for this session
JavaScript error: , line 0: SyntaxError: JSON.parse: unexpected character at line 1 column 1 of the JSON data
*************************
A coding exception was thrown and uncaught in a Task.

Full message: TypeError: NetworkError when attempting to fetch resource.
Full stack: 
*************************
1497730571546	Marionette	INFO	Ceased listening
688
1497729143392	Marionette	WARN	TLS certificate errors will be ignored for this session
JavaScript error: , line 0: SyntaxError: JSON.parse: unexpected character at line 1 column 1 of the JSON data
*************************
A coding exception was thrown and uncaught in a Task.

Full message: TypeError: NetworkError when attempting to fetch resource.
Full stack: 
*************************
1497730572577	Marionette	INFO	Ceased listening
785
1497729214863	Marionette	WARN	TLS certificate errors will be ignored for this session
JavaScript error: , line 0: SyntaxError: JSON.parse: unexpected character at line 1 column 1 of the JSON data
*************************
A coding exception was thrown and uncaught in a Task.

Full message: TypeError: NetworkError when attempting to fetch resource.
Full stack: 
*************************
JavaScript error: resource://gre/modules/commonjs/toolkit/loader.js -> resource://devtools/server/actors/highlighters/box-model.js, line 403: TypeError: quads is undefined
1497730573853	Marionette	INFO	Ceased listening
 1 column 1 of the JSON data
1497729394599	Marionette	INFO	Ceased listening
0.0.1:49955
1497729370477	geckodriver::marionette	INFO	Starting browser C:\Program Files (x86)\Mozilla Firefox\firefox.exe with args ["-marionette"]
1497729378353	Marionette	INFO	Listening on port 49961
1497729379043	Marionette	WARN	TLS certificate errors will be ignored for this session
JavaScript error: , line 0: SyntaxError: JSON.parse: unexpected character at line 1 column 1 of the JSON data
1497729392832	Marionette	INFO	Ceased listening
1497729445370	geckodriver	INFO	Listening on 127.0.0.1:50018
1497729447430	geckodriver::marionette	INFO	Starting browser C:\Program Files (x86)\Mozilla Firefox\firefox.exe with args ["-marionette"]
1497729455152	Marionette	INFO	Listening on port 50026
1497729455858	Marionette	WARN	TLS certificate errors will be ignored for this session
JavaScript error: , line 0: SyntaxError: JSON.parse: unexpected character at line 1 column 1 of the JSON data
1497729550435	geckodriver	INFO	Listening on 127.0.0.1:50100
1497729552554	geckodriver::marionette	INFO	Starting browser C:\Program Files (x86)\Mozilla Firefox\firefox.exe with args ["-marionette"]
1497729558975	Marionette	INFO	Listening on port 50106
1497729559946	Marionette	WARN	TLS certificate errors will be ignored for this session
JavaScript error: , line 0: SyntaxError: JSON.parse: unexpected character at line 1 column 1 of the JSON data
1497729589449	Marionette	INFO	Ceased listening
1497729639052	geckodriver	INFO	Listening on 127.0.0.1:50164
1497729641151	geckodriver::marionette	INFO	Starting browser C:\Program Files (x86)\Mozilla Firefox\firefox.exe with args ["-marionette"]
1497729648242	Marionette	INFO	Listening on port 50170
1497729649080	Marionette	WARN	TLS certificate errors will be ignored for this session
JavaScript error: , line 0: SyntaxError: JSON.parse: unexpected character at line 1 column 1 of the JSON data
1497729692053	Marionette	INFO	Ceased listening
1497729829531	geckodriver	INFO	Listening on 127.0.0.1:50239
1497729831439	geckodriver::marionette	INFO	Starting browser C:\Program Files (x86)\Mozilla Firefox\firefox.exe with args ["-marionette"]
1497729838651	Marionette	INFO	Listening on port 50245
1497729839967	Marionette	WARN	TLS certificate errors will be ignored for this session
JavaScript error: , line 0: SyntaxError: JSON.parse: unexpected character at line 1 column 1 of the JSON data
1497729966242	geckodriver	INFO	Listening on 127.0.0.1:50310
1497729968344	geckodriver::marionette	INFO	Starting browser C:\Program Files (x86)\Mozilla Firefox\firefox.exe with args ["-marionette"]
1497729975062	Marionette	INFO	Listening on port 50316
1497729975688	Marionette	WARN	TLS certificate errors will be ignored for this session
JavaScript error: , line 0: SyntaxError: JSON.parse: unexpected character at line 1 column 1 of the JSON data
1497730008539	Marionette	INFO	Ceased listening
1497730343389	geckodriver	INFO	Listening on 127.0.0.1:50820
1497730345482	geckodriver::marionette	INFO	Starting browser C:\Program Files (x86)\Mozilla Firefox\firefox.exe with args ["-marionette"]
1497730353112	Marionette	INFO	Listening on port 50828
1497730353799	Marionette	WARN	TLS certificate errors will be ignored for this session
JavaScript error: , line 0: SyntaxError: JSON.parse: unexpected character at line 1 column 1 of the JSON data
1497730398907	geckodriver	INFO	Listening on 127.0.0.1:50958
1497730401006	geckodriver::marionette	INFO	Starting browser C:\Program Files (x86)\Mozilla Firefox\firefox.exe with args ["-marionette"]
1497730407589	Marionette	INFO	Listening on port 50966
1497730408707	Marionette	WARN	TLS certificate errors will be ignored for this session
JavaScript error: , line 0: SyntaxError: JSON.parse: unexpected character at line 1 column 1 of the JSON data
1497730627207	geckodriver	INFO	Listening on 127.0.0.1:51334
1497730628908	geckodriver::marionette	INFO	Starting browser C:\Program Files (x86)\Mozilla Firefox\firefox.exe with args ["-marionette"]
1497730636133	Marionette	INFO	Listening on port 51342
1497730636906	Marionette	WARN	TLS certificate errors will be ignored for this session
JavaScript error: , line 0: SyntaxError: JSON.parse: unexpected character at line 1 column 1 of the JSON data
JavaScript warning: https://ajax.googleapis.com/ajax/libs/jquery/1.10.2/jquery.min.js, line 1: Using //@ to indicate sourceMappingURL pragmas is deprecated. Use //# instead
JavaScript error: , line 0: SyntaxError: JSON.parse: unexpected character at line 1 column 1 of the JSON data
*************************
A coding exception was thrown and uncaught in a Task.

Full message: TypeError: NetworkError when attempting to fetch resource.
Full stack: 
*************************
1497732650219	Marionette	INFO	Ceased listening
0.0.1:51214
1497731272890	geckodriver::marionette	INFO	Starting browser C:\Program Files (x86)\Mozilla Firefox\firefox.exe with args ["-marionette"]
1497731278965	Marionette	INFO	Listening on port 51224
1497731279502	Marionette	WARN	TLS certificate errors will be ignored for this session
JavaScript error: , line 0: SyntaxError: JSON.parse: unexpected character at line 1 column 1 of the JSON data
1497731332792	Marionette	INFO	Ceased listening
1497731339962	geckodriver	INFO	Listening on 127.0.0.1:51404
1497731342053	geckodriver::marionette	INFO	Starting browser C:\Program Files (x86)\Mozilla Firefox\firefox.exe with args ["-marionette"]
1497731347351	Marionette	INFO	Listening on port 51414
1497731347991	Marionette	WARN	TLS certificate errors will be ignored for this session
JavaScript error: , line 0: SyntaxError: JSON.parse: unexpected character at line 1 column 1 of the JSON data
*************************
A coding exception was thrown and uncaught in a Task.

Full message: TypeError: NetworkError when attempting to fetch resource.
Full stack: 
*************************
1497732650579	Marionette	INFO	Ceased listening
0.0.1:52629
1497732027240	geckodriver::marionette	INFO	Starting browser C:\Program Files (x86)\Mozilla Firefox\firefox.exe with args ["-marionette"]
1497732032701	Marionette	INFO	Listening on port 52639
1497732033321	Marionette	WARN	TLS certificate errors will be ignored for this session
JavaScript error: , line 0: SyntaxError: JSON.parse: unexpected character at line 1 column 1 of the JSON data
1497732218768	Marionette	INFO	Ceased listening
0.0.1:52800
1497732092734	geckodriver::marionette	INFO	Starting browser C:\Program Files (x86)\Mozilla Firefox\firefox.exe with args ["-marionette"]
1497732098940	Marionette	INFO	Listening on port 52811
1497732099796	Marionette	WARN	TLS certificate errors will be ignored for this session
JavaScript error: , line 0: SyntaxError: JSON.parse: unexpected character at line 1 column 1 of the JSON data
1497732216634	Marionette	INFO	Ceased listening
1497732345875	geckodriver	INFO	Listening on 127.0.0.1:53239
1497732347957	geckodriver::marionette	INFO	Starting browser C:\Program Files (x86)\Mozilla Firefox\firefox.exe with args ["-marionette"]
1497732353149	Marionette	INFO	Listening on port 53247
1497732353219	Marionette	WARN	TLS certificate errors will be ignored for this session
JavaScript error: , line 0: SyntaxError: JSON.parse: unexpected character at line 1 column 1 of the JSON data
JavaScript warning: https://www.tutorialspoint.com/theme/js/script-min-v4.js, line 1: Using //@ to indicate sourceMappingURL pragmas is deprecated. Use //# instead
1497732651764	Marionette	INFO	Ceased listening
0.0.1:53646
1497732530104	geckodriver::marionette	INFO	Starting browser C:\Program Files (x86)\Mozilla Firefox\firefox.exe with args ["-marionette"]
1497732536388	Marionette	INFO	Listening on port 53654
1497732537434	Marionette	WARN	TLS certificate errors will be ignored for this session
JavaScript error: , line 0: SyntaxError: JSON.parse: unexpected character at line 1 column 1 of the JSON data
1497732652570	Marionette	INFO	Ceased listening
0.0.1:53842
1497732610955	geckodriver::marionette	INFO	Starting browser C:\Program Files (x86)\Mozilla Firefox\firefox.exe with args ["-marionette"]
1497732617047	Marionette	INFO	Listening on port 53852
1497732617720	Marionette	WARN	TLS certificate errors will be ignored for this session
JavaScript error: , line 0: SyntaxError: JSON.parse: unexpected character at line 1 column 1 of the JSON data
1497732654494	Marionette	INFO	Ceased listening
1497732831567	geckodriver	INFO	Listening on 127.0.0.1:54254
1497732833655	geckodriver::marionette	INFO	Starting browser C:\Program Files (x86)\Mozilla Firefox\firefox.exe with args ["-marionette"]
1497732839060	Marionette	INFO	Listening on port 54262
1497732839484	Marionette	WARN	TLS certificate errors will be ignored for this session
JavaScript error: , line 0: SyntaxError: JSON.parse: unexpected character at line 1 column 1 of the JSON data
1497733257426	Marionette	INFO	Ceased listening
0.0.1:54492
1497732944028	geckodriver::marionette	INFO	Starting browser C:\Program Files (x86)\Mozilla Firefox\firefox.exe with args ["-marionette"]
1497732950010	Marionette	INFO	Listening on port 54502
1497732950765	Marionette	WARN	TLS certificate errors will be ignored for this session
JavaScript error: , line 0: SyntaxError: JSON.parse: unexpected character at line 1 column 1 of the JSON data
1497733256227	Marionette	INFO	Ceased listening
0.0.1:54842
1497733138305	geckodriver::marionette	INFO	Starting browser C:\Program Files (x86)\Mozilla Firefox\firefox.exe with args ["-marionette"]
1497733146675	Marionette	INFO	Listening on port 54850
1497733147742	Marionette	WARN	TLS certificate errors will be ignored for this session
JavaScript error: , line 0: SyntaxError: JSON.parse: unexpected character at line 1 column 1 of the JSON data
1497733255435	Marionette	INFO	Ceased listening
0.0.1:55044
1497733223832	geckodriver::marionette	INFO	Starting browser C:\Program Files (x86)\Mozilla Firefox\firefox.exe with args ["-marionette"]
1497733229579	Marionette	INFO	Listening on port 55054
1497733230531	Marionette	WARN	TLS certificate errors will be ignored for this session
JavaScript error: , line 0: SyntaxError: JSON.parse: unexpected character at line 1 column 1 of the JSON data
1497733250699	Marionette	INFO	Ceased listening
1497733600007	geckodriver	INFO	Listening on 127.0.0.1:62997
1497733602150	geckodriver::marionette	INFO	Starting browser C:\Program Files (x86)\Mozilla Firefox\firefox.exe with args ["-marionette"]
1497733610291	Marionette	INFO	Listening on port 63007
1497733611235	Marionette	WARN	TLS certificate errors will be ignored for this session
JavaScript error: , line 0: SyntaxError: JSON.parse: unexpected character at line 1 column 1 of the JSON data
1497733648292	Marionette	INFO	Ceased listening
1497733751422	geckodriver	INFO	Listening on 127.0.0.1:63296
1497733753525	geckodriver::marionette	INFO	Starting browser C:\Program Files (x86)\Mozilla Firefox\firefox.exe with args ["-marionette"]
1497733760024	Marionette	INFO	Listening on port 63304
1497733760852	Marionette	WARN	TLS certificate errors will be ignored for this session
JavaScript error: , line 0: SyntaxError: JSON.parse: unexpected character at line 1 column 1 of the JSON data
1497734076837	Marionette	INFO	Ceased listening
0.0.1:63505
1497733853158	geckodriver::marionette	INFO	Starting browser C:\Program Files (x86)\Mozilla Firefox\firefox.exe with args ["-marionette"]
1497733859397	Marionette	INFO	Listening on port 63513
1497733860489	Marionette	WARN	TLS certificate errors will be ignored for this session
JavaScript error: , line 0: SyntaxError: JSON.parse: unexpected character at line 1 column 1 of the JSON data
1497734038617	Marionette	INFO	Ceased listening
0.0.1:63777
1497733994446	geckodriver::marionette	INFO	Starting browser C:\Program Files (x86)\Mozilla Firefox\firefox.exe with args ["-marionette"]
1497734005855	Marionette	INFO	Listening on port 63785
1497734006384	Marionette	WARN	TLS certificate errors will be ignored for this session
JavaScript error: , line 0: SyntaxError: JSON.parse: unexpected character at line 1 column 1 of the JSON data
1497734035580	Marionette	INFO	Ceased listening
0.0.1:63916
1497734035010	geckodriver::marionette	INFO	Starting browser C:\Program Files (x86)\Mozilla Firefox\firefox.exe with args ["-marionette"]
1497734041941	Marionette	INFO	Listening on port 63926
1497734042776	Marionette	WARN	TLS certificate errors will be ignored for this session
1497734073044	Marionette	INFO	Ceased listening
0.0.1:64010
1497734070647	geckodriver::marionette	INFO	Starting browser C:\Program Files (x86)\Mozilla Firefox\firefox.exe with args ["-marionette"]
1497734077067	Marionette	INFO	Listening on port 64023
1497734078908	Marionette	WARN	TLS certificate errors will be ignored for this session
JavaScript error: , line 0: SyntaxError: JSON.parse: unexpected character at line 1 column 1 of the JSON data
1497734310955	Marionette	INFO	Ceased listening
1497734352539	geckodriver	INFO	Listening on 127.0.0.1:64497
1497734354624	geckodriver::marionette	INFO	Starting browser C:\Program Files (x86)\Mozilla Firefox\firefox.exe with args ["-marionette"]
1497734360964	Marionette	INFO	Listening on port 64505
1497734362065	Marionette	WARN	TLS certificate errors will be ignored for this session
JavaScript error: , line 0: SyntaxError: JSON.parse: unexpected character at line 1 column 1 of the JSON data
JavaScript error: , line 0: SyntaxError: JSON.parse: unexpected character at line 1 column 1 of the JSON data
1497734411268	Marionette	INFO	Ceased listening
1497734821196	geckodriver	INFO	Listening on 127.0.0.1:65364
1497734823285	geckodriver::marionette	INFO	Starting browser C:\Program Files (x86)\Mozilla Firefox\firefox.exe with args ["-marionette"]
1497734829000	Marionette	INFO	Listening on port 65372
1497734829510	Marionette	WARN	TLS certificate errors will be ignored for this session
JavaScript error: , line 0: SyntaxError: JSON.parse: unexpected character at line 1 column 1 of the JSON data
1497734888036	Marionette	INFO	Ceased listening
0.0.1:65526
1497734886699	geckodriver::marionette	INFO	Starting browser C:\Program Files (x86)\Mozilla Firefox\firefox.exe with args ["-marionette"]
1497734893100	Marionette	INFO	Listening on port 65534
1497734894052	Marionette	WARN	TLS certificate errors will be ignored for this session
JavaScript error: , line 0: SyntaxError: JSON.parse: unexpected character at line 1 column 1 of the JSON data
*************************
A coding exception was thrown and uncaught in a Task.

Full message: TypeError: NetworkError when attempting to fetch resource.
Full stack: 
*************************
1497735626448	Marionette	INFO	Ceased listening
491
1497735078078	Marionette	WARN	TLS certificate errors will be ignored for this session
JavaScript error: , line 0: SyntaxError: JSON.parse: unexpected character at line 1 column 1 of the JSON data
JavaScript warning: https://ajax.googleapis.com/ajax/libs/jquery/1.10.2/jquery.min.js, line 1: Using //@ to indicate sourceMappingURL pragmas is deprecated. Use //# instead
JavaScript warning: https://ajax.googleapis.com/ajax/libs/jquery/1.10.2/jquery.min.js, line 1: Using //@ to indicate sourceMappingURL pragmas is deprecated. Use //# instead
JavaScript warning: https://ajax.googleapis.com/ajax/libs/jquery/1.10.2/jquery.min.js, line 1: Using //@ to indicate sourceMappingURL pragmas is deprecated. Use //# instead
JavaScript error: , line 0: SyntaxError: JSON.parse: unexpected character at line 1 column 1 of the JSON data
1497735627988	Marionette	INFO	Ceased listening
0.0.1:49987
1497735338523	geckodriver::marionette	INFO	Starting browser C:\Program Files (x86)\Mozilla Firefox\firefox.exe with args ["-marionette"]
1497735345037	Marionette	INFO	Listening on port 49995
1497735346044	Marionette	WARN	TLS certificate errors will be ignored for this session
JavaScript error: , line 0: SyntaxError: JSON.parse: unexpected character at line 1 column 1 of the JSON data
1497735630227	Marionette	INFO	Ceased listening
0.0.1:50448
1497735622475	geckodriver::marionette	INFO	Starting browser C:\Program Files (x86)\Mozilla Firefox\firefox.exe with args ["-marionette"]
1497735629056	Marionette	INFO	Listening on port 50456
1497735630268	Marionette	WARN	TLS certificate errors will be ignored for this session
JavaScript error: , line 0: SyntaxError: JSON.parse: unexpected character at line 1 column 1 of the JSON data
*************************
A coding exception was thrown and uncaught in a Task.

Full message: TypeError: NetworkError when attempting to fetch resource.
Full stack: 
*************************
JavaScript warning: https://www.tutorialspoint.com/theme/js/script-min-v4.js, line 1: Using //@ to indicate sourceMappingURL pragmas is deprecated. Use //# instead
0: SyntaxError: JSON.parse: unexpected character at line 1 column 1 of the JSON data
1497735961633	Marionette	INFO	Ceased listening
0.0.1:51078
1497735959912	geckodriver::marionette	INFO	Starting browser C:\Program Files (x86)\Mozilla Firefox\firefox.exe with args ["-marionette"]
1497735966331	Marionette	INFO	Listening on port 51088
1497735967495	Marionette	WARN	TLS certificate errors will be ignored for this session
JavaScript error: , line 0: SyntaxError: JSON.parse: unexpected character at line 1 column 1 of the JSON data
1497736165722	Marionette	INFO	Ceased listening
0.0.1:51437
1497736158941	geckodriver::marionette	INFO	Starting browser C:\Program Files (x86)\Mozilla Firefox\firefox.exe with args ["-marionette"]
1497736166044	Marionette	INFO	Listening on port 51445
1497736166911	Marionette	WARN	TLS certificate errors will be ignored for this session
JavaScript error: , line 0: SyntaxError: JSON.parse: unexpected character at line 1 column 1 of the JSON data
1497736541629	Marionette	INFO	Ceased listening
0.0.1:51910
1497736422585	geckodriver::marionette	INFO	Starting browser C:\Program Files (x86)\Mozilla Firefox\firefox.exe with args ["-marionette"]
1497736429888	Marionette	INFO	Listening on port 51923
1497736430922	Marionette	WARN	TLS certificate errors will be ignored for this session
JavaScript error: , line 0: SyntaxError: JSON.parse: unexpected character at line 1 column 1 of the JSON data
1497736542832	Marionette	INFO	Ceased listening
0.0.1:52172
1497736535756	geckodriver::marionette	INFO	Starting browser C:\Program Files (x86)\Mozilla Firefox\firefox.exe with args ["-marionette"]
1497736542953	Marionette	INFO	Listening on port 52182
1497736543562	Marionette	WARN	TLS certificate errors will be ignored for this session
JavaScript error: , line 0: SyntaxError: JSON.parse: unexpected character at line 1 column 1 of the JSON data
1497737131189	Marionette	INFO	Ceased listening
0.0.1:52308
1497736565476	geckodriver::marionette	INFO	Starting browser C:\Program Files (x86)\Mozilla Firefox\firefox.exe with args ["-marionette"]
1497736571005	Marionette	INFO	Listening on port 52318
1497736571811	Marionette	WARN	TLS certificate errors will be ignored for this session
JavaScript error: , line 0: SyntaxError: JSON.parse: unexpected character at line 1 column 1 of the JSON data
1497737130055	Marionette	INFO	Ceased listening
0.0.1:52983
1497736963744	geckodriver::marionette	INFO	Starting browser C:\Program Files (x86)\Mozilla Firefox\firefox.exe with args ["-marionette"]
1497736972252	Marionette	INFO	Listening on port 52991
1497736973268	Marionette	WARN	TLS certificate errors will be ignored for this session
JavaScript error: , line 0: SyntaxError: JSON.parse: unexpected character at line 1 column 1 of the JSON data
1497737033960	addons.productaddons	WARN	Failed downloading via XHR, status: 0, reason: error
1497737034788	Marionette	INFO	Ceased listening
\Mozilla Firefox\firefox.exe with args ["-marionette"]
1497737030607	Marionette	INFO	Listening on port 53143
1497737031265	Marionette	WARN	TLS certificate errors will be ignored for this session
JavaScript error: , line 0: SyntaxError: JSON.parse: unexpected character at line 1 column 1 of the JSON data
1497737127530	Marionette	INFO	Ceased listening
0.0.1:53308
1497737094701	geckodriver::marionette	INFO	Starting browser C:\Program Files (x86)\Mozilla Firefox\firefox.exe with args ["-marionette"]
1497737101877	Marionette	INFO	Listening on port 53318
1497737102584	Marionette	WARN	TLS certificate errors will be ignored for this session
JavaScript error: , line 0: SyntaxError: JSON.parse: unexpected character at line 1 column 1 of the JSON data
1497737127090	Marionette	INFO	Ceased listening
1497737223565	geckodriver	INFO	Listening on 127.0.0.1:64282
1497737225642	geckodriver::marionette	INFO	Starting browser C:\Program Files (x86)\Mozilla Firefox\firefox.exe with args ["-marionette"]
1497737233355	Marionette	INFO	Listening on port 64290
1497737234293	Marionette	WARN	TLS certificate errors will be ignored for this session
JavaScript error: , line 0: SyntaxError: JSON.parse: unexpected character at line 1 column 1 of the JSON data
1497737258618	Marionette	INFO	Ceased listening
1497737272036	geckodriver	INFO	Listening on 127.0.0.1:64420
1497737274115	geckodriver::marionette	INFO	Starting browser C:\Program Files (x86)\Mozilla Firefox\firefox.exe with args ["-marionette"]
1497737280946	Marionette	INFO	Listening on port 64428
1497737281451	Marionette	WARN	TLS certificate errors will be ignored for this session
JavaScript error: , line 0: SyntaxError: JSON.parse: unexpected character at line 1 column 1 of the JSON data
console.error: 
  Message: Error: SessionFile is closed
  Stack:
    write@resource://app/modules/sessionstore/SessionFile.jsm:315:29
write@resource://app/modules/sessionstore/SessionFile.jsm:71497737408513	Marionette	INFO	Listening on port 64688
1497737408940	Marionette	WARN	TLS certificate errors will be ignored for this session
JavaScript error: , line 0: SyntaxError: JSON.parse: unexpected character at line 1 column 1 of the JSON data
*************************
A coding exception was thrown and uncaught in a Task.

Full message: TypeError: NetworkError when attempting to fetch resource.
Full stack: 
*************************
1497738825606	Marionette	INFO	Ceased listening
odriver::marionette	INFO	Starting browser C:\Program Files (x86)\Mozilla Firefox\firefox.exe with args ["-marionette"]
1497737730658	Marionette	INFO	Listening on port 51852
1497737731174	Marionette	WARN	TLS certificate errors will be ignored for this session
JavaScript error: , line 0: SyntaxError: JSON.parse: unexpected character at line 1 column 1 of the JSON data
*************************
A coding exception was thrown and uncaught in a Task.

Full message: TypeError: NetworkError when attempting to fetch resource.
Full stack: 
*************************
1497738824463	Marionette	INFO	Ceased listening
198
1497737948672	Marionette	WARN	TLS certificate errors will be ignored for this session
JavaScript error: , line 0: SyntaxError: JSON.parse: unexpected character at line 1 column 1 of the JSON data
JavaScript warning: https://ajax.googleapis.com/ajax/libs/jquery/2.0.0/jquery.min.js, line 1: Using //@ to indicate sourceMappingURL pragmas is deprecated. Use //# instead
JavaScript error: https://www.ad4mat.de/ads/conbanner_bild1.php?cat=bild_bildbanner&w=300&h=250&anim=0&ibtn=0&zanox_tracking_host=https://ad.zanox.com/ppc/&zanox_tracking_param=36168048C2058544400&cachebuster=1497738130169113&adclick=https://googleads.g.doubleclick.net/dbm/clk%3Fsa%3DL%26ai%3DCIG2okqtFWZmpCp2Y3gOn2rWADrLG4e5J7K3gvbME8C4QASCHgPECYJWikoKgB8gBCakCotUxFlPJsj6oAwGqBK0BT9CSq4NFnvFfCNhcuF4dPNwVRO6qAmVcaF9CaH9k178Appip1_emZkcJuPtAth6qBEsXyJ-jDGDE_YWJmIRJ5-wEQUht6QoOzD8ILC0yFC3t10gE4m8AS7mVfAEoDRi43gUcGOdMdm7p-h6okoTt_zvIQOeccdhWDNPYzdrRi2cSTD5gLunQfwnYy_TMnbcDCee38YWCDGip5DEX1Qnx2wN8myhSm0rOucERZlPgBAOgBk2AB-qTn0OoB6a-G9gHANIIBQiAYRAByBPgh9MB0BMA2BMD%26num%3D1%26sig%3DAOD64_2fH60e7Za5dtL0mGE2UY6bq-Sx4w%26client%3Dca-pub-8815422507798180%26dbm_c%3DAKAmf-DWfHAtOsHk6X0X80JpZKEURIqPvMn0uOiiaB6_O60eQsd5r30RwTGa2K6ROaqk1tP73VXl%26dbm_d%3DAKAmf-CqXRBLmUV2INdOo6s5w0rE-LlLPHLphGkvNPGGV4xJ7gL7gmsBvt2YUleS0o-l1pXcaSD0GEDj_N6urefvFwtxyA3rUfqYtprbAlO7Yt1Fl_XlvQN08Kyl3GTjqrZWwIVWTXDx4MHF3c_aer3G6RZ_XZOf3ET-tMyyC4oDCvLzfq5NlxU%26adurl%3D, line 181: TypeError: iEl.style is undefined
JavaScript warning: https://ajax.googleapis.com/ajax/libs/jquery/2.0.0/jquery.min.js, line 1: Using //@ to indicate sourceMappingURL pragmas is deprecated. Use //# instead
JavaScript error: https://c.t4ft.de/c/ftg_t_v_bk.min.js?aid=1331&plus=0&fcui=288435&fcai=1879356&ffli=58096&fpli=3167442&element=ftge_7085120&size=160x600&size100=160x600, line 2: Error: timeout loading //t4ft.de/ckgif/
JavaScript warning: https://ajax.googleapis.com/ajax/libs/jquery/2.0.0/jquery.min.js, line 1: Using //@ to indicate sourceMappingURL pragmas is deprecated. Use //# instead
JavaScript warning: https://ajax.googleapis.com/ajax/libs/jquery/2.0.0/jquery.min.js, line 1: Using //@ to indicate sourceMappingURL pragmas is deprecated. Use //# instead
JavaScript error: https://www.ad4mat.de/ads/conbanner_bild1.php?cat=bild_bildbanner&w=300&h=250&anim=0&ibtn=0&zanox_tracking_host=https://ad.zanox.com/ppc/&zanox_tracking_param=27808785C1780646014&cachebuster=1497738162167399&adclick=https://googleads.g.doubleclick.net/dbm/clk%3Fsa%3DL%26ai%3DCAOIasqtFWeebCsr-3gOmrKWgC8j_7u1JjfaIgt4E8C4QASCHgPECYJWikoKgB8gBCakCotUxFlPJsj6oAwGqBKwBT9CkCBEl2BBJ9EZZM3KSryVtVI5MtwbBdDpNIiQSB2UHR5mazjRZsLBdUT7W0073r6KLkJacJyQ1swjFvoTRjE7NoYLwZu6uWvjdqHhfscVstRaiGoRqGVK4A1p9DAwZlN44bv7WqmycZr4HihFjITqatr9gxKiGKcjMClBtzVVMhLQHf_A9yqw7O7rOBZ06xzJp_1XRWqsiSTJ-Ha7rvMVAUlVnilww3ckKUuAEA6AGTYAH6pOfQ6gHpr4b2AcA0ggFCIBhEAHIE-CH0wHQEwDYEwM%26num%3D1%26sig%3DAOD64_1yNWLKwNBsCaF4iibIiKgeW4k4eA%26client%3Dca-pub-8815422507798180%26dbm_c%3DAKAmf-BRM3s0V5S-ysgt5dTDezxSnAEklprprM-LQgl-9_I1ygx7eYTrfoyYdTa1PGvfpzUeK4Us%26dbm_d%3DAKAmf-A1MlMWeXiYPQPoM0GrMvV483vs-XNYbMrUS-orAAqUlcXC6sWACW_PWRnnhWSadrWeHacJE0ArG2xdDP3LpdOWbdBxoFsFNpqaERFu3eE027YLTGSxwrWi7Lizi7o2qCZbbuI8CXovcxeLLWMNv7Oh3vIxMx32nAvrO_HlzprpsDYeYuc%26adurl%3D, line 181: TypeError: iEl.style is undefined
JavaScript warning: https://ajax.googleapis.com/ajax/libs/jquery/2.0.0/jquery.min.js, line 1: Using //@ to indicate sourceMappingURL pragmas is deprecated. Use //# instead
*************************
A coding exception was thrown and uncaught in a Task.

Full message: TypeError: NetworkError when attempting to fetch resource.
Full stack: 
*************************
1497738822998	Marionette	INFO	Ceased listening
291
1497738196191	Marionette	WARN	TLS certificate errors will be ignored for this session
JavaScript error: , line 0: SyntaxError: JSON.parse: unexpected character at line 1 column 1 of the JSON data
*************************
A coding exception was thrown and uncaught in a Task.

Full message: TypeError: NetworkError when attempting to fetch resource.
Full stack: 
*************************
97738415444	Marionette	INFO	Listening on port 53245
1497738416684	Marionette	WARN	TLS certificate errors will be ignored for this session
JavaScript error: , line 0: SyntaxError: JSON.parse: unexpected character at line 1 column 1 of the JSON data
1497738817311	Marionette	INFO	Ceased listening
1497739251898	geckodriver	INFO	Listening on 127.0.0.1:65403
1497739253707	geckodriver::marionette	INFO	Starting browser C:\Program Files (x86)\Mozilla Firefox\firefox.exe with args ["-marionette"]
1497739260849	Marionette	INFO	Listening on port 65411
1497739261524	Marionette	WARN	TLS certificate errors will be ignored for this session
JavaScript error: , line 0: SyntaxError: JSON.parse: unexpected character at line 1 column 1 of the JSON data
1497739468518	Marionette	INFO	Ceased listening
1497739936665	geckodriver	INFO	Listening on 127.0.0.1:58975
1497739938748	geckodriver::marionette	INFO	Starting browser C:\Program Files (x86)\Mozilla Firefox\firefox.exe with args ["-marionette"]
1497739944129	Marionette	INFO	Listening on port 58983
1497739944664	Marionette	WARN	TLS certificate errors will be ignored for this session
JavaScript error: , line 0: SyntaxError: JSON.parse: unexpected character at line 1 column 1 of the JSON data
1497740014647	addons.productaddons	WARN	Failed downloading XML, status: 0, reason: error
1497740025749	addons.productaddons	WARN	Failed downloading via XHR, status: 0, reason: error
1497740025764	addons.productaddons	WARN	Failed downloading via XHR, status: 0, reason: error
1497743374610	geckodriver	INFO	Listening on 127.0.0.1:56437
1497743376700	geckodriver::marionette	INFO	Starting browser C:\Program Files (x86)\Mozilla Firefox\firefox.exe with args ["-marionette"]
1497743381968	Marionette	INFO	Listening on port 56445
1497743382797	Marionette	WARN	TLS certificate errors will be ignored for this session
JavaScript error: , line 0: SyntaxError: JSON.parse: unexpected character at line 1 column 1 of the JSON data
1497743576973	Marionette	INFO	Ceased listening
0.0.1:56787
1497743574747	geckodriver::marionette	INFO	Starting browser C:\Program Files (x86)\Mozilla Firefox\firefox.exe with args ["-marionette"]
1497743580777	Marionette	INFO	Listening on port 56795
1497743581387	Marionette	WARN	TLS certificate errors will be ignored for this session
JavaScript error: , line 0: SyntaxError: JSON.parse: unexpected character at line 1 column 1 of the JSON data
1497743609981	Marionette	INFO	Ceased listening
0.0.1:56897
1497743605817	geckodriver::marionette	INFO	Starting browser C:\Program Files (x86)\Mozilla Firefox\firefox.exe with args ["-marionette"]
1497743612259	Marionette	INFO	Listening on port 56905
1497743613260	Marionette	WARN	TLS certificate errors will be ignored for this session
JavaScript error: , line 0: SyntaxError: JSON.parse: unexpected character at line 1 column 1 of the JSON data
1497743638278	Marionette	INFO	Ceased listening
0.0.1:57015
1497743639526	geckodriver::marionette	INFO	Starting browser C:\Program Files (x86)\Mozilla Firefox\firefox.exe with args ["-marionette"]
1497743645207	Marionette	INFO	Listening on port 57023
1497743645777	Marionette	WARN	TLS certificate errors will be ignored for this session
JavaScript error: , line 0: SyntaxError: JSON.parse: unexpected character at line 1 column 1 of the JSON data
1497743687343	Marionette	INFO	Ceased listening
0.0.1:57143
1497743684666	geckodriver::marionette	INFO	Starting browser C:\Program Files (x86)\Mozilla Firefox\firefox.exe with args ["-marionette"]
1497743691064	Marionette	INFO	Listening on port 57151
1497743691999	Marionette	WARN	TLS certificate errors will be ignored for this session
JavaScript error: , line 0: SyntaxError: JSON.parse: unexpected character at line 1 column 1 of the JSON data
1497743838748	geckodriver	INFO	Listening on 127.0.0.1:57433
1497743840847	geckodriver::marionette	INFO	Starting browser C:\Program Files (x86)\Mozilla Firefox\firefox.exe with args ["-marionette"]
1497743848084	Marionette	INFO	Listening on port 57441
1497743849021	Marionette	WARN	TLS certificate errors will be ignored for this session
JavaScript error: , line 0: SyntaxError: JSON.parse: unexpected character at line 1 column 1 of the JSON data
1497744018937	geckodriver	INFO	Listening on 127.0.0.1:57754
1497744021004	geckodriver::marionette	INFO	Starting browser C:\Program Files (x86)\Mozilla Firefox\firefox.exe with args ["-marionette"]
1497744027085	Marionette	INFO	Listening on port 57762
1497744027677	Marionette	WARN	TLS certificate errors will be ignored for this session
JavaScript error: , line 0: SyntaxError: JSON.parse: unexpected character at line 1 column 1 of the JSON data
1497744136318	geckodriver	INFO	Listening on 127.0.0.1:57979
1497744138405	geckodriver::marionette	INFO	Starting browser C:\Program Files (x86)\Mozilla Firefox\firefox.exe with args ["-marionette"]
1497744144256	Marionette	INFO	Listening on port 57987
1497744145148	Marionette	WARN	TLS certificate errors will be ignored for this session
JavaScript error: , line 0: SyntaxError: JSON.parse: unexpected character at line 1 column 1 of the JSON data
1497744261568	geckodriver	INFO	Listening on 127.0.0.1:58222
1497744263658	geckodriver::marionette	INFO	Starting browser C:\Program Files (x86)\Mozilla Firefox\firefox.exe with args ["-marionette"]
1497744270425	Marionette	INFO	Listening on port 58230
1497744271097	Marionette	WARN	TLS certificate errors will be ignored for this session
JavaScript error: , line 0: SyntaxError: JSON.parse: unexpected character at line 1 column 1 of the JSON data
1497744479367	geckodriver	INFO	Listening on 127.0.0.1:58612
1497744481489	geckodriver::marionette	INFO	Starting browser C:\Program Files (x86)\Mozilla Firefox\firefox.exe with args ["-marionette"]
1497744486588	Marionette	INFO	Listening on port 58622
1497744488541	Marionette	WARN	TLS certificate errors will be ignored for this session
JavaScript error: , line 0: SyntaxError: JSON.parse: unexpected character at line 1 column 1 of the JSON data
1497744648610	geckodriver	INFO	Listening on 127.0.0.1:58938
1497744650692	geckodriver::marionette	INFO	Starting browser C:\Program Files (x86)\Mozilla Firefox\firefox.exe with args ["-marionette"]
1497744656133	Marionette	INFO	Listening on port 58946
1497744656908	Marionette	WARN	TLS certificate errors will be ignored for this session
JavaScript error: , line 0: SyntaxError: JSON.parse: unexpected character at line 1 column 1 of the JSON data
1497744725767	Marionette	INFO	Ceased listening
0.0.1:59133
1497744726830	geckodriver::marionette	INFO	Starting browser C:\Program Files (x86)\Mozilla Firefox\firefox.exe with args ["-marionette"]
1497744734068	Marionette	INFO	Listening on port 59143
1497744734588	Marionette	WARN	TLS certificate errors will be ignored for this session
JavaScript error: , line 0: SyntaxError: JSON.parse: unexpected character at line 1 column 1 of the JSON data
1497745129853	geckodriver	INFO	Listening on 127.0.0.1:59764
1497745131920	geckodriver::marionette	INFO	Starting browser C:\Program Files (x86)\Mozilla Firefox\firefox.exe with args ["-marionette"]
1497745138341	Marionette	INFO	Listening on port 59774
1497745144034	Marionette	WARN	TLS certificate errors will be ignored for this session
JavaScript error: , line 0: SyntaxError: JSON.parse: unexpected character at line 1 column 1 of the JSON data
*************************
A coding exception was thrown and uncaught in a Task.

Full message: TypeError: NetworkError when attempting to fetch resource.
Full stack: 
*************************
1497747525257	Marionette	INFO	Ceased listening
952
1497745211540	Marionette	WARN	TLS certificate errors will be ignored for this session
JavaScript error: , line 0: SyntaxError: JSON.parse: unexpected character at line 1 column 1 of the JSON data
1497745341408	geckodriver	INFO	Listening on 127.0.0.1:60215
1497745343524	geckodriver::marionette	INFO	Starting browser C:\Program Files (x86)\Mozilla Firefox\firefox.exe with args ["-marionette"]
1497745349147	Marionette	INFO	Listening on port 60223
1497745349815	Marionette	WARN	TLS certificate errors will be ignored for this session
JavaScript error: , line 0: SyntaxError: JSON.parse: unexpected character at line 1 column 1 of the JSON data
1497745406004	geckodriver	INFO	Listening on 127.0.0.1:60372
1497745408093	geckodriver::marionette	INFO	Starting browser C:\Program Files (x86)\Mozilla Firefox\firefox.exe with args ["-marionette"]
1497745413463	Marionette	INFO	Listening on port 60382
1497745414199	Marionette	WARN	TLS certificate errors will be ignored for this session
JavaScript error: , line 0: SyntaxError: JSON.parse: unexpected character at line 1 column 1 of the JSON data
1497746201210	geckodriver	INFO	Listening on 127.0.0.1:61579
1497746203298	geckodriver::marionette	INFO	Starting browser C:\Program Files (x86)\Mozilla Firefox\firefox.exe with args ["-marionette"]
1497746209327	Marionette	INFO	Listening on port 61587
1497746209868	Marionette	WARN	TLS certificate errors will be ignored for this session
JavaScript error: , line 0: SyntaxError: JSON.parse: unexpected character at line 1 column 1 of the JSON data
1497746895178	geckodriver	INFO	Listening on 127.0.0.1:62606
1497746897271	geckodriver::marionette	INFO	Starting browser C:\Program Files (x86)\Mozilla Firefox\firefox.exe with args ["-marionette"]
1497746904054	Marionette	INFO	Listening on port 62614
1497746904634	Marionette	WARN	TLS certificate errors will be ignored for this session
JavaScript warning: https://ajax.googleapis.com/ajax/libs/jquery/1.10.2/jquery.min.js, line 1: Using //@ to indicate sourceMappingURL pragmas is deprecated. Use //# instead
1497746939193	geckodriver	INFO	Listening on 127.0.0.1:62738
1497746941297	geckodriver::marionette	INFO	Starting browser C:\Program Files (x86)\Mozilla Firefox\firefox.exe with args ["-marionette"]
1497746946769	Marionette	INFO	Listening on port 62746
1497746947798	Marionette	WARN	TLS certificate errors will be ignored for this session
JavaScript warning: https://ajax.googleapis.com/ajax/libs/jquery/1.10.2/jquery.min.js, line 1: Using //@ to indicate sourceMappingURL pragmas is deprecated. Use //# instead
1497747064519	geckodriver	INFO	Listening on 127.0.0.1:62970
1497747066600	geckodriver::marionette	INFO	Starting browser C:\Program Files (x86)\Mozilla Firefox\firefox.exe with args ["-marionette"]
1497747072047	Marionette	INFO	Listening on port 62980
1497747072612	Marionette	WARN	TLS certificate errors will be ignored for this session
JavaScript error: , line 0: SyntaxError: JSON.parse: unexpected character at line 1 column 1 of the JSON data
1497747211339	geckodriver	INFO	Listening on 127.0.0.1:63245
1497747213417	geckodriver::marionette	INFO	Starting browser C:\Program Files (x86)\Mozilla Firefox\firefox.exe with args ["-marionette"]
1497747221577	Marionette	INFO	Listening on port 63253
1497747222414	Marionette	WARN	TLS certificate errors will be ignored for this session
JavaScript error: , line 0: SyntaxError: JSON.parse: unexpected character at line 1 column 1 of the JSON data
1497747339368	geckodriver	INFO	Listening on 127.0.0.1:63487
1497747341485	geckodriver::marionette	INFO	Starting browser C:\Program Files (x86)\Mozilla Firefox\firefox.exe with args ["-marionette"]
1497747346565	Marionette	INFO	Listening on port 63495
1497747347184	Marionette	WARN	TLS certificate errors will be ignored for this session
JavaScript error: , line 0: SyntaxError: JSON.parse: unexpected character at line 1 column 1 of the JSON data
1497747395076	Marionette	INFO	Ceased listening
1497747428070	geckodriver	INFO	Listening on 127.0.0.1:63675
1497747430182	geckodriver::marionette	INFO	Starting browser C:\Program Files (x86)\Mozilla Firefox\firefox.exe with args ["-marionette"]
1497747435575	Marionette	INFO	Listening on port 63685
1497747436280	Marionette	WARN	TLS certificate errors will be ignored for this session
JavaScript error: , line 0: SyntaxError: JSON.parse: unexpected character at line 1 column 1 of the JSON data
1497747518589	geckodriver	INFO	Listening on 127.0.0.1:63880
1497747520678	geckodriver::marionette	INFO	Starting browser C:\Program Files (x86)\Mozilla Firefox\firefox.exe with args ["-marionette"]
1497747527184	Marionette	INFO	Listening on port 63890
1497747528000	Marionette	WARN	TLS certificate errors will be ignored for this session
JavaScript error: , line 0: SyntaxError: JSON.parse: unexpected character at line 1 column 1 of the JSON data
1497747766150	geckodriver	INFO	Listening on 127.0.0.1:64339
1497747768248	geckodriver::marionette	INFO	Starting browser C:\Program Files (x86)\Mozilla Firefox\firefox.exe with args ["-marionette"]
1497747773256	Marionette	INFO	Listening on port 64347
1497747773782	Marionette	WARN	TLS certificate errors will be ignored for this session
JavaScript error: , line 0: SyntaxError: JSON.parse: unexpected character at line 1 column 1 of the JSON data
1497747847213	Marionette	INFO	Ceased listening
0.0.1:51073
1497747846491	geckodriver::marionette	INFO	Starting browser C:\Program Files (x86)\Mozilla Firefox\firefox.exe with args ["-marionette"]
1497747852927	Marionette	INFO	Listening on port 51083
1497747853897	Marionette	WARN	TLS certificate errors will be ignored for this session
JavaScript error: , line 0: SyntaxError: JSON.parse: unexpected character at line 1 column 1 of the JSON data
1497748529825	geckodriver	INFO	Listening on 127.0.0.1:60785
1497748531949	geckodriver::marionette	INFO	Starting browser C:\Program Files (x86)\Mozilla Firefox\firefox.exe with args ["-marionette"]
1497748537163	Marionette	INFO	Listening on port 60793
1497748537697	Marionette	WARN	TLS certificate errors will be ignored for this session
JavaScript error: , line 0: SyntaxError: JSON.parse: unexpected character at line 1 column 1 of the JSON data
*************************
A coding exception was thrown and uncaught in a Task.

Full message: TypeError: NetworkError when attempting to fetch resource.
Full stack: 
*************************
JavaScript error: , line 0: SyntaxError: JSON.parse: unexpected character at line 1 column 1 of the JSON data
1497749416610	Marionette	INFO	Ceased listening
 line 0: SyntaxError: JSON.parse: unexpected character at line 1 column 1 of the JSON data
JavaScript error: , line 0: SyntaxError: JSON.parse: unexpected character at line 1 column 1 of the JSON data
*************************
A coding exception was thrown and uncaught in a Task.

Full message: TypeError: NetworkError when attempting to fetch resource.
Full stack: 
*************************
1497749403147	Marionette	INFO	Ceased listening
330
1497748910749	Marionette	WARN	TLS certificate errors will be ignored for this session
JavaScript error: , line 0: SyntaxError: JSON.parse: unexpected character at line 1 column 1 of the JSON data
1497749263007	geckodriver	INFO	Listening on 127.0.0.1:55356
1497749265036	geckodriver::marionette	INFO	Starting browser C:\Program Files (x86)\Mozilla Firefox\firefox.exe with args ["-marionette"]
1497749272324	Marionette	INFO	Listening on port 55364
1497749273400	Marionette	WARN	TLS certificate errors will be ignored for this session
JavaScript error: , line 0: SyntaxError: JSON.parse: unexpected character at line 1 column 1 of the JSON data
1497749497959	geckodriver	INFO	Listening on 127.0.0.1:64535
1497749500134	geckodriver::marionette	INFO	Starting browser C:\Program Files (x86)\Mozilla Firefox\firefox.exe with args ["-marionette"]
1497749509000	Marionette	INFO	Listening on port 64543
1497749509792	Marionette	WARN	TLS certificate errors will be ignored for this session
JavaScript error: , line 0: SyntaxError: JSON.parse: unexpected character at line 1 column 1 of the JSON data
1497749805541	geckodriver	INFO	Listening on 127.0.0.1:57386
1497749807670	geckodriver::marionette	INFO	Starting browser C:\Program Files (x86)\Mozilla Firefox\firefox.exe with args ["-marionette"]
1497749813525	Marionette	INFO	Listening on port 57396
1497749814169	Marionette	WARN	TLS certificate errors will be ignored for this session
JavaScript error: , line 0: SyntaxError: JSON.parse: unexpected character at line 1 column 1 of the JSON data
1497751124894	geckodriver	INFO	Listening on 127.0.0.1:49807
1497751126322	geckodriver::marionette	INFO	Starting browser C:\Program Files (x86)\Mozilla Firefox\firefox.exe with args ["-marionette"]
1497751148000	Marionette	INFO	Listening on port 49813
1497751148778	Marionette	WARN	TLS certificate errors will be ignored for this session
JavaScript error: , line 0: SyntaxError: JSON.parse: unexpected character at line 1 column 1 of the JSON data
JavaScript error: , line 0: SyntaxError: JSON.parse: unexpected character at line 1 column 1 of the JSON data
1497751378005	geckodriver	INFO	Listening on 127.0.0.1:61542
1497751380102	geckodriver::marionette	INFO	Starting browser C:\Program Files (x86)\Mozilla Firefox\firefox.exe with args ["-marionette"]
1497751386992	Marionette	INFO	Listening on port 61548
1497751387698	Marionette	WARN	TLS certificate errors will be ignored for this session
JavaScript error: , line 0: SyntaxError: JSON.parse: unexpected character at line 1 column 1 of the JSON data
JavaScript error: , line 0: SyntaxError: JSON.parse: unexpected character at line 1 column 1 of the JSON data
JavaScript error: , line 0: SyntaxError: JSON.parse: unexpected character at line 1 column 1 of the JSON data
JavaScript error: , line 0: SyntaxError: JSON.parse: unexpected character at line 1 column 1 of the JSON data
JavaScript error: , line 0: SyntaxError: JSON.parse: unexpected character at line 1 column 1 of the JSON data
JavaScript error: , line 0: SyntaxError: JSON.parse: unexpected character at line 1 column 1 of the JSON data
JavaScript error: , line 0: SyntaxError: JSON.parse: unexpected character at line 1 column 1 of the JSON data
JavaScript error: , line 0: SyntaxError: JSON.parse: unexpected character at line 1 column 1 of the JSON data
JavaScript error: , line 0: SyntaxError: JSON.parse: unexpected character at line 1 column 1 of the JSON data
JavaScript error: , line 0: SyntaxError: JSON.parse: unexpected character at line 1 column 1 of the JSON data
JavaScript error: , line 0: SyntaxError: JSON.parse: unexpected character at line 1 column 1 of the JSON data
JavaScript error: , line 0: SyntaxError: JSON.parse: unexpected character at line 1 column 1 of the JSON data
*************************
A coding exception was thrown and uncaught in a Task.

Full message: TypeError: NetworkError when attempting to fetch resource.
Full stack: 
*************************
1497817712171	Marionette	INFO	Ceased listening
